<?xml version="1.0" encoding="UTF-8"?>
<testng-results ignored="0" total="1" passed="1" failed="0" skipped="0">
  <reporter-output>
  </reporter-output>
  <suite started-at="2023-06-14T20:46:50 AST" name="LambaTestSuite" finished-at="2023-06-14T20:46:54 AST" duration-ms="4251">
    <groups>
    </groups>
    <test started-at="2023-06-14T20:46:50 AST" name="WIN10-TEST" finished-at="2023-06-14T20:46:54 AST" duration-ms="4251">
      <class name="com.lambdatest.TestDemo1">
        <test-method signature="basicTest1()[pri:0, instance:com.lambdatest.TestDemo1@4c6e276e]" started-at="2023-06-14T20:46:50 AST" name="basicTest1" finished-at="2023-06-14T20:46:54 AST" duration-ms="4209" status="PASS">
          <reporter-output>
          </reporter-output>
        </test-method> <!-- basicTest1 -->
      </class> <!-- com.lambdatest.TestDemo1 -->
    </test> <!-- WIN10-TEST -->
  </suite> <!-- LambaTestSuite -->
</testng-results>
