<?xml version="1.0" encoding="UTF-8"?>
<!-- Generated by org.testng.reporters.JUnitXMLReporter -->
<testsuite ignored="0" hostname="DESKTOP-V8OUIHS" failures="0" tests="10" name="PetTests" time="12.933" errors="0" timestamp="2023-06-11T23:01:38 AST">
  <testcase classname="api.test.UserTests" name="testPostUser" time="2.364"/>
  <testcase classname="api.test.UserTests" name="testGetUserByName" time="0.93"/>
  <testcase classname="api.test.UserTests" name="testUpdateUserByName" time="1.815"/>
  <testcase classname="api.test.UserTests" name="testDeleteUserByName" time="0.896"/>
  <testcase classname="api.test.DDTest" name="testPostUser" time="0.906"/>
  <testcase classname="api.test.DDTest" name="testPostUser" time="0.915"/>
  <testcase classname="api.test.DDTest" name="testPostUser" time="0.894"/>
  <testcase classname="api.test.DDTest" name="testDeleteUserByName" time="0.909"/>
  <testcase classname="api.test.DDTest" name="testDeleteUserByName" time="0.914"/>
  <testcase classname="api.test.DDTest" name="testDeleteUserByName" time="0.918"/>
</testsuite> <!-- PetTests -->
