<?xml version="1.0" encoding="UTF-8"?>
<testng-results ignored="0" total="10" passed="10" failed="0" skipped="0">
  <reporter-output>
  </reporter-output>
  <suite started-at="2023-06-11T23:01:24 AST" name="PetSuite" finished-at="2023-06-11T23:01:37 AST" duration-ms="12933">
    <groups>
    </groups>
    <test started-at="2023-06-11T23:01:24 AST" name="PetTests" finished-at="2023-06-11T23:01:37 AST" duration-ms="12933">
      <class name="api.test.DDTest">
        <test-method signature="testPostUser(java.lang.String,java.lang.String,java.lang.String,java.lang.String,java.lang.String,java.lang.String,java.lang.String)[pri:1, instance:api.test.DDTest@f5ac9e4]" started-at="2023-06-11T23:01:32 AST" name="testPostUser" data-provider="Data" finished-at="2023-06-11T23:01:33 AST" duration-ms="906" status="PASS">
          <params>
            <param index="0">
              <value>
                <![CDATA[1010]]>
              </value>
            </param>
            <param index="1">
              <value>
                <![CDATA[testuser1]]>
              </value>
            </param>
            <param index="2">
              <value>
                <![CDATA[John]]>
              </value>
            </param>
            <param index="3">
              <value>
                <![CDATA[Canedy]]>
              </value>
            </param>
            <param index="4">
              <value>
                <![CDATA[Test1@gmail.com]]>
              </value>
            </param>
            <param index="5">
              <value>
                <![CDATA[Test@1]]>
              </value>
            </param>
            <param index="6">
              <value>
                <![CDATA[12345678]]>
              </value>
            </param>
          </params>
          <reporter-output>
          </reporter-output>
        </test-method> <!-- testPostUser -->
        <test-method signature="testPostUser(java.lang.String,java.lang.String,java.lang.String,java.lang.String,java.lang.String,java.lang.String,java.lang.String)[pri:1, instance:api.test.DDTest@f5ac9e4]" started-at="2023-06-11T23:01:33 AST" name="testPostUser" data-provider="Data" finished-at="2023-06-11T23:01:34 AST" duration-ms="915" status="PASS">
          <params>
            <param index="0">
              <value>
                <![CDATA[1020]]>
              </value>
            </param>
            <param index="1">
              <value>
                <![CDATA[testuser2]]>
              </value>
            </param>
            <param index="2">
              <value>
                <![CDATA[Kim]]>
              </value>
            </param>
            <param index="3">
              <value>
                <![CDATA[Kom]]>
              </value>
            </param>
            <param index="4">
              <value>
                <![CDATA[Test2@gmail.com]]>
              </value>
            </param>
            <param index="5">
              <value>
                <![CDATA[Test@2]]>
              </value>
            </param>
            <param index="6">
              <value>
                <![CDATA[12345678]]>
              </value>
            </param>
          </params>
          <reporter-output>
          </reporter-output>
        </test-method> <!-- testPostUser -->
        <test-method signature="testPostUser(java.lang.String,java.lang.String,java.lang.String,java.lang.String,java.lang.String,java.lang.String,java.lang.String)[pri:1, instance:api.test.DDTest@f5ac9e4]" started-at="2023-06-11T23:01:34 AST" name="testPostUser" data-provider="Data" finished-at="2023-06-11T23:01:34 AST" duration-ms="894" status="PASS">
          <params>
            <param index="0">
              <value>
                <![CDATA[1030]]>
              </value>
            </param>
            <param index="1">
              <value>
                <![CDATA[testuser3]]>
              </value>
            </param>
            <param index="2">
              <value>
                <![CDATA[Smith]]>
              </value>
            </param>
            <param index="3">
              <value>
                <![CDATA[Steve]]>
              </value>
            </param>
            <param index="4">
              <value>
                <![CDATA[Test3@gmail.com]]>
              </value>
            </param>
            <param index="5">
              <value>
                <![CDATA[Test@3]]>
              </value>
            </param>
            <param index="6">
              <value>
                <![CDATA[12345678]]>
              </value>
            </param>
          </params>
          <reporter-output>
          </reporter-output>
        </test-method> <!-- testPostUser -->
        <test-method signature="testDeleteUserByName(java.lang.String)[pri:2, instance:api.test.DDTest@f5ac9e4]" started-at="2023-06-11T23:01:35 AST" name="testDeleteUserByName" data-provider="UserNames" finished-at="2023-06-11T23:01:35 AST" duration-ms="909" status="PASS">
          <params>
            <param index="0">
              <value>
                <![CDATA[testuser1]]>
              </value>
            </param>
          </params>
          <reporter-output>
          </reporter-output>
        </test-method> <!-- testDeleteUserByName -->
        <test-method signature="testDeleteUserByName(java.lang.String)[pri:2, instance:api.test.DDTest@f5ac9e4]" started-at="2023-06-11T23:01:35 AST" name="testDeleteUserByName" data-provider="UserNames" finished-at="2023-06-11T23:01:36 AST" duration-ms="914" status="PASS">
          <params>
            <param index="0">
              <value>
                <![CDATA[testuser2]]>
              </value>
            </param>
          </params>
          <reporter-output>
          </reporter-output>
        </test-method> <!-- testDeleteUserByName -->
        <test-method signature="testDeleteUserByName(java.lang.String)[pri:2, instance:api.test.DDTest@f5ac9e4]" started-at="2023-06-11T23:01:36 AST" name="testDeleteUserByName" data-provider="UserNames" finished-at="2023-06-11T23:01:37 AST" duration-ms="918" status="PASS">
          <params>
            <param index="0">
              <value>
                <![CDATA[testuser3]]>
              </value>
            </param>
          </params>
          <reporter-output>
          </reporter-output>
        </test-method> <!-- testDeleteUserByName -->
      </class> <!-- api.test.DDTest -->
      <class name="api.test.UserTests">
        <test-method is-config="true" signature="SetUpData()[pri:0, instance:api.test.UserTests@43195e57]" started-at="2023-06-11T23:01:25 AST" name="SetUpData" finished-at="2023-06-11T23:01:25 AST" duration-ms="190" status="PASS">
          <reporter-output>
          </reporter-output>
        </test-method> <!-- SetUpData -->
        <test-method signature="testPostUser()[pri:1, instance:api.test.UserTests@43195e57]" started-at="2023-06-11T23:01:25 AST" name="testPostUser" finished-at="2023-06-11T23:01:27 AST" duration-ms="2364" status="PASS">
          <reporter-output>
          </reporter-output>
        </test-method> <!-- testPostUser -->
        <test-method signature="testGetUserByName()[pri:2, instance:api.test.UserTests@43195e57]" started-at="2023-06-11T23:01:27 AST" name="testGetUserByName" finished-at="2023-06-11T23:01:28 AST" duration-ms="930" status="PASS">
          <reporter-output>
          </reporter-output>
        </test-method> <!-- testGetUserByName -->
        <test-method signature="testUpdateUserByName()[pri:3, instance:api.test.UserTests@43195e57]" started-at="2023-06-11T23:01:28 AST" name="testUpdateUserByName" finished-at="2023-06-11T23:01:30 AST" duration-ms="1815" status="PASS">
          <reporter-output>
          </reporter-output>
        </test-method> <!-- testUpdateUserByName -->
        <test-method signature="testDeleteUserByName()[pri:4, instance:api.test.UserTests@43195e57]" started-at="2023-06-11T23:01:30 AST" name="testDeleteUserByName" finished-at="2023-06-11T23:01:31 AST" duration-ms="896" status="PASS">
          <reporter-output>
          </reporter-output>
        </test-method> <!-- testDeleteUserByName -->
      </class> <!-- api.test.UserTests -->
    </test> <!-- PetTests -->
  </suite> <!-- PetSuite -->
</testng-results>
